<?xml version="1.0" encoding="UTF-8"?>
<testsuite xmlns:xsi="http://www.w3.org/2001/XMLSchema-instance" xsi:noNamespaceSchemaLocation="https://maven.apache.org/surefire/maven-surefire-plugin/xsd/surefire-test-report.xsd" name="com.expedia.flightBookingFeature.AppTest" time="0.637" tests="1" errors="0" skipped="0" failures="0">
  <properties>
    <property name="java.specification.version" value="13"/>
    <property name="sun.cpu.isalist" value="amd64"/>
    <property name="sun.jnu.encoding" value="Cp1252"/>
    <property name="java.class.path" value="C:\Users\asaks\eclipse-workspace\flightBookingFeature\target\test-classes;C:\Users\asaks\eclipse-workspace\flightBookingFeature\target\classes;C:\Users\asaks\.m2\repository\junit\junit\4.11\junit-4.11.jar;C:\Users\asaks\.m2\repository\org\hamcrest\hamcrest-core\1.3\hamcrest-core-1.3.jar;C:\Users\asaks\.m2\repository\org\testng\testng\7.1.0\testng-7.1.0.jar;C:\Users\asaks\.m2\repository\com\beust\jcommander\1.72\jcommander-1.72.jar;C:\Users\asaks\.m2\repository\com\google\inject\guice\4.1.0\guice-4.1.0-no_aop.jar;C:\Users\asaks\.m2\repository\javax\inject\javax.inject\1\javax.inject-1.jar;C:\Users\asaks\.m2\repository\aopalliance\aopalliance\1.0\aopalliance-1.0.jar;C:\Users\asaks\.m2\repository\com\google\guava\guava\19.0\guava-19.0.jar;C:\Users\asaks\.m2\repository\org\yaml\snakeyaml\1.21\snakeyaml-1.21.jar;"/>
    <property name="java.vm.vendor" value="Oracle Corporation"/>
    <property name="sun.arch.data.model" value="64"/>
    <property name="user.variant" value=""/>
    <property name="java.vendor.url" value="https://java.oracle.com/"/>
    <property name="user.timezone" value="Asia/Calcutta"/>
    <property name="os.name" value="Windows 10"/>
    <property name="java.vm.specification.version" value="13"/>
    <property name="sun.java.launcher" value="SUN_STANDARD"/>
    <property name="user.country" value="IN"/>
    <property name="sun.boot.library.path" value="C:\Program Files\Java\jdk-13.0.1\bin"/>
    <property name="sun.java.command" value="C:\Users\asaks\AppData\Local\Temp\surefire7457144703768607342\surefirebooter10164205774120066869.jar C:\Users\asaks\AppData\Local\Temp\surefire7457144703768607342 2020-02-04T20-08-59_840-jvmRun1 surefire12427099624894558550tmp surefire_018183053025647724977tmp"/>
    <property name="jdk.debug" value="release"/>
    <property name="surefire.test.class.path" value="C:\Users\asaks\eclipse-workspace\flightBookingFeature\target\test-classes;C:\Users\asaks\eclipse-workspace\flightBookingFeature\target\classes;C:\Users\asaks\.m2\repository\junit\junit\4.11\junit-4.11.jar;C:\Users\asaks\.m2\repository\org\hamcrest\hamcrest-core\1.3\hamcrest-core-1.3.jar;C:\Users\asaks\.m2\repository\org\testng\testng\7.1.0\testng-7.1.0.jar;C:\Users\asaks\.m2\repository\com\beust\jcommander\1.72\jcommander-1.72.jar;C:\Users\asaks\.m2\repository\com\google\inject\guice\4.1.0\guice-4.1.0-no_aop.jar;C:\Users\asaks\.m2\repository\javax\inject\javax.inject\1\javax.inject-1.jar;C:\Users\asaks\.m2\repository\aopalliance\aopalliance\1.0\aopalliance-1.0.jar;C:\Users\asaks\.m2\repository\com\google\guava\guava\19.0\guava-19.0.jar;C:\Users\asaks\.m2\repository\org\yaml\snakeyaml\1.21\snakeyaml-1.21.jar;"/>
    <property name="sun.cpu.endian" value="little"/>
    <property name="user.home" value="C:\Users\asaks"/>
    <property name="user.language" value="en"/>
    <property name="java.specification.vendor" value="Oracle Corporation"/>
    <property name="java.version.date" value="2019-10-15"/>
    <property name="java.home" value="C:\Program Files\Java\jdk-13.0.1"/>
    <property name="file.separator" value="\"/>
    <property name="basedir" value="C:\Users\asaks\eclipse-workspace\flightBookingFeature"/>
    <property name="java.vm.compressedOopsMode" value="32-bit"/>
    <property name="line.separator" value="&#10;"/>
    <property name="java.vm.specification.vendor" value="Oracle Corporation"/>
    <property name="java.specification.name" value="Java Platform API Specification"/>
    <property name="surefire.real.class.path" value="C:\Users\asaks\AppData\Local\Temp\surefire7457144703768607342\surefirebooter10164205774120066869.jar"/>
    <property name="user.script" value=""/>
    <property name="sun.management.compiler" value="HotSpot 64-Bit Tiered Compilers"/>
    <property name="java.runtime.version" value="13.0.1+9"/>
    <property name="user.name" value="asaks"/>
    <property name="path.separator" value=";"/>
    <property name="os.version" value="10.0"/>
    <property name="java.runtime.name" value="Java(TM) SE Runtime Environment"/>
    <property name="file.encoding" value="Cp1252"/>
    <property name="java.vm.name" value="Java HotSpot(TM) 64-Bit Server VM"/>
    <property name="localRepository" value="C:\Users\asaks\.m2\repository"/>
    <property name="java.vendor.url.bug" value="https://bugreport.java.com/bugreport/"/>
    <property name="java.io.tmpdir" value="C:\Users\asaks\AppData\Local\Temp\"/>
    <property name="java.version" value="13.0.1"/>
    <property name="user.dir" value="C:\Users\asaks\eclipse-workspace\flightBookingFeature"/>
    <property name="os.arch" value="amd64"/>
    <property name="java.vm.specification.name" value="Java Virtual Machine Specification"/>
    <property name="sun.os.patch.level" value=""/>
    <property name="java.library.path" value="C:\Program Files\Java\jdk-13.0.1\bin;C:\Windows\Sun\Java\bin;C:\Windows\system32;C:\Windows;C:\Program Files (x86)\Common Files\Oracle\Java\javapath;C:\Windows\system32;C:\Windows;C:\Windows\System32\Wbem;C:\Windows\System32\WindowsPowerShell\v1.0\;C:\Windows\System32\OpenSSH\;C:\Program Files (x86)\NVIDIA Corporation\PhysX\Common;C:\Program Files\NVIDIA Corporation\NVIDIA NvDLISR;C:\Users\asaks\AppData\Local\Microsoft\WindowsApps;C:\Program Files\Java\jdk-13.0.1\bin;C:\Users\asaks\Downloads\External JARS;C:\Apache\apache-maven-3.6.3\bin;;."/>
    <property name="java.vm.info" value="mixed mode, sharing"/>
    <property name="java.vendor" value="Oracle Corporation"/>
    <property name="java.vm.version" value="13.0.1+9"/>
    <property name="sun.io.unicode.encoding" value="UnicodeLittle"/>
    <property name="java.class.version" value="57.0"/>
  </properties>
  <testcase name="shouldAnswerWithTrue on shouldAnswerWithTrue(com.expedia.flightBookingFeature.AppTest)" classname="com.expedia.flightBookingFeature.AppTest" time="0.001"/>
</testsuite>